========================= Reporte de carnet de salud =========================
----------------------------- Fecha: 27/11/2023 ------------------------------

=============================== Fin de reporte ===============================

========================= Reporte de carnet de salud =========================
----------------------------- Fecha: 27/11/2023 ------------------------------
=============================== Fin de reporte ===============================

========================= Reporte de carnet de salud =========================
----------------------------- Fecha: 27/11/2023 ------------------------------
56321836 - Florencia -  Carnet no vigente o no actualizado
=============================== Fin de reporte ===============================

========================= Reporte de carnet de salud =========================
----------------------------- Fecha: 27/11/2023 ------------------------------
56321836 - Florencia -  Carnet no vigente o no actualizado
=============================== Fin de reporte ===============================

========================= Reporte de carnet de salud =========================
----------------------------- Fecha: 27/11/2023 ------------------------------
56321836 - Florencia -  Carnet no vigente o no actualizado
=============================== Fin de reporte ===============================

========================= Reporte de carnet de salud =========================
----------------------------- Fecha: 27/11/2023 ------------------------------
56321836 - Florencia -  Carnet no vigente o no actualizado
=============================== Fin de reporte ===============================

========================= Reporte de carnet de salud =========================
----------------------------- Fecha: 27/11/2023 ------------------------------
53693872 - Floriana -  Carnet no vigente o no actualizado
56321836 - Florencia -  Carnet no vigente o no actualizado
56789876 - renzo -  Carnet no vigente o no actualizado
98765433 - renzo -  Carnet no vigente o no actualizado
=============================== Fin de reporte ===============================

========================= Reporte de carnet de salud =========================
----------------------------- Fecha: 27/11/2023 ------------------------------
12345678 - martin -  Carnet no vigente o no actualizado
53693872 - Floriana -  Carnet no vigente o no actualizado
56321836 - Florencia -  Carnet no vigente o no actualizado
56789876 - renzo -  Carnet no vigente o no actualizado
98765433 - renzo -  Carnet no vigente o no actualizado
=============================== Fin de reporte ===============================

========================= Reporte de carnet de salud =========================
----------------------------- Fecha: 27/11/2023 ------------------------------
12345678 - martin -  Carnet no vigente o no actualizado
53693872 - Floriana -  Carnet no vigente o no actualizado
56321836 - Florencia -  Carnet no vigente o no actualizado
56789876 - renzo -  Carnet no vigente o no actualizado
98765433 - renzo -  Carnet no vigente o no actualizado
=============================== Fin de reporte ===============================

========================= Reporte de carnet de salud =========================
----------------------------- Fecha: 27/11/2023 ------------------------------
12345678 - martin -  Carnet no vigente o no actualizado
53693872 - Floriana -  Carnet no vigente o no actualizado
56321836 - Florencia -  Carnet no vigente o no actualizado
56789876 - renzo -  Carnet no vigente o no actualizado
66677788 - renzo -  Carnet no vigente o no actualizado
98765433 - renzo -  Carnet no vigente o no actualizado
99999987 - renzo -  Carnet no vigente o no actualizado
=============================== Fin de reporte ===============================

========================= Reporte de carnet de salud =========================
----------------------------- Fecha: 27/11/2023 ------------------------------
12345678 - martin -  Carnet no vigente o no actualizado
53693872 - Floriana -  Carnet no vigente o no actualizado
56321836 - Florencia -  Carnet no vigente o no actualizado
56789876 - renzo -  Carnet no vigente o no actualizado
66677788 - renzo -  Carnet no vigente o no actualizado
98765433 - renzo -  Carnet no vigente o no actualizado
99999987 - renzo -  Carnet no vigente o no actualizado

=============================== Fin de reporte ===============================

========================= Reporte de carnet de salud =========================
----------------------------- Fecha: 27/11/2023 ------------------------------
12345678 - martin -  Carnet no vigente o no actualizado
53693872 - Floriana -  Carnet no vigente o no actualizado
56321836 - Florencia -  Carnet no vigente o no actualizado
56789876 - renzo -  Carnet no vigente o no actualizado
66677788 - renzo -  Carnet no vigente o no actualizado
98765433 - renzo -  Carnet no vigente o no actualizado
99999987 - renzo -  Carnet no vigente o no actualizado
=============================== Fin de reporte ===============================

========================= Reporte de carnet de salud =========================
----------------------------- Fecha: 27/11/2023 ------------------------------
12345678 - martin -  Carnet no vigente o no actualizado
53693872 - Floriana -  Carnet no vigente o no actualizado
56321836 - Florencia -  Carnet no vigente o no actualizado
56789876 - renzo -  Carnet no vigente o no actualizado
66677788 - renzo -  Carnet no vigente o no actualizado
98765433 - renzo -  Carnet no vigente o no actualizado
99999987 - renzo -  Carnet no vigente o no actualizado
=============================== Fin de reporte ===============================

========================= Reporte de carnet de salud =========================
----------------------------- Fecha: 27/11/2023 ------------------------------
12345678 - martin -  Carnet no vigente o no actualizado
53693872 - Floriana -  Carnet no vigente o no actualizado
56321836 - Florencia -  Carnet no vigente o no actualizado
56789876 - renzo -  Carnet no vigente o no actualizado
66677788 - renzo -  Carnet no vigente o no actualizado
98765433 - renzo -  Carnet no vigente o no actualizado
99999987 - renzo -  Carnet no vigente o no actualizado
=============================== Fin de reporte ===============================

========================= Reporte de carnet de salud =========================
----------------------------- Fecha: 27/11/2023 ------------------------------
=============================== Fin de reporte ===============================

========================= Reporte de carnet de salud =========================
----------------------------- Fecha: 27/11/2023 ------------------------------
=============================== Fin de reporte ===============================

========================= Reporte de carnet de salud =========================
----------------------------- Fecha: 27/11/2023 ------------------------------
=============================== Fin de reporte ===============================

========================= Reporte de carnet de salud =========================
----------------------------- Fecha: 27/11/2023 ------------------------------
=============================== Fin de reporte ===============================

========================= Reporte de carnet de salud =========================
----------------------------- Fecha: 27/11/2023 ------------------------------
=============================== Fin de reporte ===============================

========================= Reporte de carnet de salud =========================
----------------------------- Fecha: 27/11/2023 ------------------------------
=============================== Fin de reporte ===============================

========================= Reporte de carnet de salud =========================
----------------------------- Fecha: 27/11/2023 ------------------------------
=============================== Fin de reporte ===============================

========================= Reporte de carnet de salud =========================
----------------------------- Fecha: 27/11/2023 ------------------------------
=============================== Fin de reporte ===============================

========================= Reporte de carnet de salud =========================
----------------------------- Fecha: 27/11/2023 ------------------------------
=============================== Fin de reporte ===============================

========================= Reporte de carnet de salud =========================
----------------------------- Fecha: 27/11/2023 ------------------------------
=============================== Fin de reporte ===============================

========================= Reporte de carnet de salud =========================
----------------------------- Fecha: 27/11/2023 ------------------------------
=============================== Fin de reporte ===============================

========================= Reporte de carnet de salud =========================
----------------------------- Fecha: 27/11/2023 ------------------------------
=============================== Fin de reporte ===============================

========================= Reporte de carnet de salud =========================
----------------------------- Fecha: 27/11/2023 ------------------------------
=============================== Fin de reporte ===============================

========================= Reporte de carnet de salud =========================
----------------------------- Fecha: 27/11/2023 ------------------------------
=============================== Fin de reporte ===============================

========================= Reporte de carnet de salud =========================
----------------------------- Fecha: 27/11/2023 ------------------------------
=============================== Fin de reporte ===============================

========================= Reporte de carnet de salud =========================
----------------------------- Fecha: 27/11/2023 ------------------------------
=============================== Fin de reporte ===============================

========================= Reporte de carnet de salud =========================
----------------------------- Fecha: 27/11/2023 ------------------------------
=============================== Fin de reporte ===============================

========================= Reporte de carnet de salud =========================
----------------------------- Fecha: 27/11/2023 ------------------------------
=============================== Fin de reporte ===============================

========================= Reporte de carnet de salud =========================
----------------------------- Fecha: 27/11/2023 ------------------------------
=============================== Fin de reporte ===============================

========================= Reporte de carnet de salud =========================
----------------------------- Fecha: 27/11/2023 ------------------------------
=============================== Fin de reporte ===============================

========================= Reporte de carnet de salud =========================
----------------------------- Fecha: 27/11/2023 ------------------------------
=============================== Fin de reporte ===============================

========================= Reporte de carnet de salud =========================
----------------------------- Fecha: 27/11/2023 ------------------------------
=============================== Fin de reporte ===============================

========================= Reporte de carnet de salud =========================
----------------------------- Fecha: 27/11/2023 ------------------------------
=============================== Fin de reporte ===============================

========================= Reporte de carnet de salud =========================
----------------------------- Fecha: 27/11/2023 ------------------------------
=============================== Fin de reporte ===============================

========================= Reporte de carnet de salud =========================
----------------------------- Fecha: 27/11/2023 ------------------------------
=============================== Fin de reporte ===============================

========================= Reporte de carnet de salud =========================
----------------------------- Fecha: 27/11/2023 ------------------------------
53693872 - flou -  Carnet no vigente o no actualizado
=============================== Fin de reporte ===============================

========================= Reporte de carnet de salud =========================
----------------------------- Fecha: 27/11/2023 ------------------------------
53693872 - flou -  Carnet no vigente o no actualizado
=============================== Fin de reporte ===============================

========================= Reporte de carnet de salud =========================
----------------------------- Fecha: 27/11/2023 ------------------------------
53693872 - flou -  Carnet no vigente o no actualizado
=============================== Fin de reporte ===============================

========================= Reporte de carnet de salud =========================
----------------------------- Fecha: 27/11/2023 ------------------------------
53693872 - flou -  Carnet no vigente o no actualizado
=============================== Fin de reporte ===============================

========================= Reporte de carnet de salud =========================
----------------------------- Fecha: 27/11/2023 ------------------------------
53693872 - flou -  Carnet no vigente o no actualizado
=============================== Fin de reporte ===============================

========================= Reporte de carnet de salud =========================
----------------------------- Fecha: 27/11/2023 ------------------------------
53693872 - flou -  Carnet no vigente o no actualizado
=============================== Fin de reporte ===============================

========================= Reporte de carnet de salud =========================
----------------------------- Fecha: 27/11/2023 ------------------------------
53693872 - flou -  Carnet no vigente o no actualizado
=============================== Fin de reporte ===============================

========================= Reporte de carnet de salud =========================
----------------------------- Fecha: 27/11/2023 ------------------------------
53693872 - flou -  Carnet no vigente o no actualizado
=============================== Fin de reporte ===============================

========================= Reporte de carnet de salud =========================
----------------------------- Fecha: 27/11/2023 ------------------------------
12345678 - martin -  Carnet no vigente o no actualizado

23455434 - Maria -  Carnet no vigente o no actualizado
53693872 - Floriana -  Carnet no vigente o no actualizado
56321836 - Florencia -  Carnet no vigente o no actualizado
56789876 - renzo -  Carnet no vigente o no actualizado
66677788 - renzo -  Carnet no vigente o no actualizado
98765433 - renzo -  Carnet no vigente o no actualizado
99999987 - renzo -  Carnet no vigente o no actualizado
=============================== Fin de reporte ===============================

